TN:
SF:src/app.js
FN:47,(anonymous_0)
FN:52,(anonymous_1)
FNF:2
FNH:0
FNDA:0,(anonymous_0)
FNDA:0,(anonymous_1)
DA:1,5
DA:2,5
DA:3,5
DA:4,5
DA:5,5
DA:6,5
DA:7,5
DA:9,5
DA:12,5
DA:18,5
DA:19,5
DA:20,5
DA:21,5
DA:22,5
DA:23,5
DA:26,5
DA:33,5
DA:34,5
DA:35,5
DA:36,5
DA:37,5
DA:40,5
DA:41,5
DA:42,5
DA:43,5
DA:44,5
DA:47,5
DA:48,0
DA:52,5
DA:53,0
DA:54,0
DA:57,5
LF:32
LH:29
BRF:0
BRH:0
end_of_record
TN:
SF:src/controllers/invoiceController.js
FN:6,(anonymous_0)
FN:14,(anonymous_1)
FN:72,(anonymous_2)
FN:128,(anonymous_3)
FN:138,(anonymous_4)
FN:162,(anonymous_5)
FN:184,(anonymous_6)
FN:208,(anonymous_7)
FN:238,(anonymous_8)
FN:268,(anonymous_9)
FN:309,(anonymous_10)
FN:332,(anonymous_11)
FN:358,(anonymous_12)
FNF:13
FNH:0
FNDA:0,(anonymous_0)
FNDA:0,(anonymous_1)
FNDA:0,(anonymous_2)
FNDA:0,(anonymous_3)
FNDA:0,(anonymous_4)
FNDA:0,(anonymous_5)
FNDA:0,(anonymous_6)
FNDA:0,(anonymous_7)
FNDA:0,(anonymous_8)
FNDA:0,(anonymous_9)
FNDA:0,(anonymous_10)
FNDA:0,(anonymous_11)
FNDA:0,(anonymous_12)
DA:2,5
DA:3,5
DA:4,5
DA:6,5
DA:7,0
DA:8,0
DA:9,0
DA:12,5
DA:15,0
DA:24,0
DA:26,0
DA:27,0
DA:28,0
DA:29,0
DA:30,0
DA:34,0
DA:35,0
DA:41,0
DA:60,0
DA:67,0
DA:73,0
DA:74,0
DA:117,0
DA:118,0
DA:121,0
DA:123,0
DA:129,0
DA:130,0
DA:131,0
DA:134,0
DA:137,0
DA:138,0
DA:142,0
DA:146,0
DA:153,0
DA:154,0
DA:156,0
DA:157,0
DA:163,0
DA:164,0
DA:165,0
DA:166,0
DA:168,0
DA:169,0
DA:173,0
DA:176,0
DA:178,0
DA:184,0
DA:188,0
DA:192,0
DA:199,0
DA:200,0
DA:202,0
DA:203,0
DA:209,0
DA:210,0
DA:211,0
DA:213,0
DA:214,0
DA:217,0
DA:218,0
DA:222,0
DA:228,0
DA:229,0
DA:230,0
DA:232,0
DA:233,0
DA:239,0
DA:240,0
DA:241,0
DA:242,0
DA:244,0
DA:245,0
DA:248,0
DA:249,0
DA:252,0
DA:259,0
DA:260,0
DA:262,0
DA:263,0
DA:269,0
DA:270,0
DA:271,0
DA:272,0
DA:274,0
DA:275,0
DA:279,0
DA:289,0
DA:290,0
DA:293,0
DA:300,0
DA:301,0
DA:303,0
DA:304,0
DA:310,0
DA:311,0
DA:325,0
DA:327,0
DA:333,0
DA:334,0
DA:335,0
DA:337,0
DA:338,0
DA:342,0
DA:354,0
DA:358,0
DA:364,0
DA:367,0
DA:374,0
DA:375,0
DA:377,0
DA:378,0
DA:383,5
LF:113
LH:6
BRDA:17,0,0,0
BRDA:18,1,0,0
BRDA:27,2,0,0
BRDA:27,2,1,0
BRDA:28,3,0,0
BRDA:28,3,1,0
BRDA:29,4,0,0
BRDA:29,4,1,0
BRDA:29,5,0,0
BRDA:29,5,1,0
BRDA:34,6,0,0
BRDA:34,6,1,0
BRDA:117,7,0,0
BRDA:117,7,1,0
BRDA:137,8,0,0
BRDA:137,8,1,0
BRDA:137,9,0,0
BRDA:137,9,1,0
BRDA:168,10,0,0
BRDA:168,10,1,0
BRDA:176,11,0,0
BRDA:176,11,1,0
BRDA:213,12,0,0
BRDA:213,12,1,0
BRDA:217,13,0,0
BRDA:217,13,1,0
BRDA:244,14,0,0
BRDA:244,14,1,0
BRDA:274,15,0,0
BRDA:274,15,1,0
BRDA:337,16,0,0
BRDA:337,16,1,0
BRDA:337,17,0,0
BRDA:337,17,1,0
BRF:34
BRH:0
end_of_record
TN:
SF:src/controllers/productController.js
FN:6,(anonymous_0)
FN:53,(anonymous_1)
FN:65,(anonymous_2)
FN:77,(anonymous_3)
FN:91,(anonymous_4)
FN:105,(anonymous_5)
FN:132,(anonymous_6)
FN:148,(anonymous_7)
FN:173,(anonymous_8)
FN:182,(anonymous_9)
FN:186,(anonymous_10)
FN:201,(anonymous_11)
FN:205,(anonymous_12)
FN:226,(anonymous_13)
FN:248,(anonymous_14)
FN:257,(anonymous_15)
FN:270,(anonymous_16)
FNF:17
FNH:0
FNDA:0,(anonymous_0)
FNDA:0,(anonymous_1)
FNDA:0,(anonymous_2)
FNDA:0,(anonymous_3)
FNDA:0,(anonymous_4)
FNDA:0,(anonymous_5)
FNDA:0,(anonymous_6)
FNDA:0,(anonymous_7)
FNDA:0,(anonymous_8)
FNDA:0,(anonymous_9)
FNDA:0,(anonymous_10)
FNDA:0,(anonymous_11)
FNDA:0,(anonymous_12)
FNDA:0,(anonymous_13)
FNDA:0,(anonymous_14)
FNDA:0,(anonymous_15)
FNDA:0,(anonymous_16)
DA:1,5
DA:2,5
DA:3,5
DA:5,5
DA:7,0
DA:18,0
DA:20,0
DA:21,0
DA:22,0
DA:28,0
DA:29,0
DA:30,0
DA:31,0
DA:33,0
DA:35,0
DA:42,0
DA:49,0
DA:54,0
DA:55,0
DA:59,0
DA:61,0
DA:66,0
DA:67,0
DA:68,0
DA:69,0
DA:71,0
DA:73,0
DA:78,0
DA:79,0
DA:80,0
DA:81,0
DA:84,0
DA:85,0
DA:87,0
DA:92,0
DA:93,0
DA:94,0
DA:95,0
DA:98,0
DA:99,0
DA:101,0
DA:106,0
DA:107,0
DA:108,0
DA:109,0
DA:117,0
DA:118,0
DA:120,0
DA:128,0
DA:133,0
DA:134,0
DA:142,0
DA:144,0
DA:149,0
DA:150,0
DA:151,0
DA:153,0
DA:154,0
DA:155,0
DA:158,0
DA:159,0
DA:162,0
DA:166,0
DA:167,0
DA:169,0
DA:174,0
DA:175,0
DA:176,0
DA:178,0
DA:183,0
DA:184,0
DA:185,0
DA:187,0
DA:188,0
DA:189,0
DA:190,0
DA:192,0
DA:195,0
DA:197,0
DA:202,0
DA:203,0
DA:204,0
DA:206,0
DA:207,0
DA:208,0
DA:209,0
DA:211,0
DA:214,0
DA:215,0
DA:217,0
DA:220,0
DA:222,0
DA:227,0
DA:228,0
DA:242,0
DA:244,0
DA:249,0
DA:250,0
DA:251,0
DA:253,0
DA:258,0
DA:259,0
DA:260,0
DA:261,0
DA:263,0
DA:264,0
DA:266,0
DA:271,0
DA:272,0
DA:273,0
DA:274,0
DA:276,0
DA:277,0
DA:279,0
DA:284,5
LF:115
LH:5
BRDA:14,0,0,0
BRDA:15,1,0,0
BRDA:16,2,0,0
BRDA:17,3,0,0
BRDA:21,4,0,0
BRDA:21,4,1,0
BRDA:28,5,0,0
BRDA:28,5,1,0
BRDA:29,6,0,0
BRDA:29,6,1,0
BRDA:30,7,0,0
BRDA:30,7,1,0
BRDA:31,8,0,0
BRDA:31,8,1,0
BRDA:68,9,0,0
BRDA:68,9,1,0
BRDA:80,10,0,0
BRDA:80,10,1,0
BRDA:94,11,0,0
BRDA:94,11,1,0
BRDA:154,12,0,0
BRDA:154,12,1,0
BRDA:158,13,0,0
BRDA:158,13,1,0
BRDA:158,14,0,0
BRDA:158,14,1,0
BRDA:162,15,0,0
BRDA:162,15,1,0
BRDA:188,16,0,0
BRDA:188,16,1,0
BRDA:207,17,0,0
BRDA:207,17,1,0
BRDA:208,18,0,0
BRDA:208,18,1,0
BRDA:208,19,0,0
BRDA:208,19,1,0
BRDA:211,20,0,0
BRDA:211,20,1,0
BRDA:260,21,0,0
BRDA:260,21,1,0
BRDA:273,22,0,0
BRDA:273,22,1,0
BRF:42
BRH:0
end_of_record
TN:
SF:src/controllers/promotionController.js
FN:8,(anonymous_0)
FN:70,(anonymous_1)
FN:97,(anonymous_2)
FN:117,(anonymous_3)
FN:143,(anonymous_4)
FN:161,(anonymous_5)
FN:181,(anonymous_6)
FN:195,(anonymous_7)
FN:209,(anonymous_8)
FN:214,(anonymous_9)
FN:215,(anonymous_10)
FN:228,(anonymous_11)
FN:243,(anonymous_12)
FN:244,(anonymous_13)
FN:245,(anonymous_14)
FN:253,(anonymous_15)
FN:263,(anonymous_16)
FN:290,(anonymous_17)
FN:314,(anonymous_18)
FN:368,(anonymous_19)
FN:377,(anonymous_20)
FN:387,(anonymous_21)
FN:396,(anonymous_22)
FN:405,(anonymous_23)
FN:414,(anonymous_24)
FN:424,(anonymous_25)
FN:433,(anonymous_26)
FNF:27
FNH:0
FNDA:0,(anonymous_0)
FNDA:0,(anonymous_1)
FNDA:0,(anonymous_2)
FNDA:0,(anonymous_3)
FNDA:0,(anonymous_4)
FNDA:0,(anonymous_5)
FNDA:0,(anonymous_6)
FNDA:0,(anonymous_7)
FNDA:0,(anonymous_8)
FNDA:0,(anonymous_9)
FNDA:0,(anonymous_10)
FNDA:0,(anonymous_11)
FNDA:0,(anonymous_12)
FNDA:0,(anonymous_13)
FNDA:0,(anonymous_14)
FNDA:0,(anonymous_15)
FNDA:0,(anonymous_16)
FNDA:0,(anonymous_17)
FNDA:0,(anonymous_18)
FNDA:0,(anonymous_19)
FNDA:0,(anonymous_20)
FNDA:0,(anonymous_21)
FNDA:0,(anonymous_22)
FNDA:0,(anonymous_23)
FNDA:0,(anonymous_24)
FNDA:0,(anonymous_25)
FNDA:0,(anonymous_26)
DA:1,5
DA:2,5
DA:3,5
DA:4,5
DA:5,5
DA:6,5
DA:8,5
DA:9,0
DA:17,0
DA:19,0
DA:21,0
DA:22,0
DA:25,0
DA:26,0
DA:29,0
DA:30,0
DA:33,0
DA:34,0
DA:40,0
DA:42,0
DA:56,0
DA:66,0
DA:70,5
DA:71,0
DA:72,0
DA:87,0
DA:88,0
DA:91,0
DA:93,0
DA:97,5
DA:98,0
DA:99,0
DA:104,0
DA:105,0
DA:109,0
DA:111,0
DA:113,0
DA:117,5
DA:118,0
DA:119,0
DA:121,0
DA:122,0
DA:125,0
DA:127,0
DA:128,0
DA:132,0
DA:133,0
DA:134,0
DA:137,0
DA:139,0
DA:143,5
DA:144,0
DA:145,0
DA:147,0
DA:148,0
DA:151,0
DA:155,0
DA:157,0
DA:161,5
DA:162,0
DA:163,0
DA:165,0
DA:166,0
DA:169,0
DA:175,0
DA:177,0
DA:181,5
DA:182,0
DA:183,0
DA:189,0
DA:191,0
DA:195,5
DA:196,0
DA:197,0
DA:198,0
DA:200,0
DA:201,0
DA:206,0
DA:208,0
DA:210,0
DA:214,0
DA:215,0
DA:217,0
DA:224,0
DA:228,5
DA:229,0
DA:230,0
DA:231,0
DA:233,0
DA:234,0
DA:239,0
DA:241,0
DA:243,0
DA:244,0
DA:245,0
DA:248,0
DA:253,5
DA:254,0
DA:255,0
DA:256,0
DA:258,0
DA:263,5
DA:264,0
DA:265,0
DA:266,0
DA:283,0
DA:285,0
DA:290,5
DA:291,0
DA:292,0
DA:293,0
DA:307,0
DA:309,0
DA:314,5
DA:315,0
DA:316,0
DA:318,0
DA:333,0
DA:334,0
DA:338,0
DA:339,0
DA:345,0
DA:346,0
DA:347,0
DA:349,0
DA:353,0
DA:354,0
DA:357,0
DA:364,0
DA:368,5
DA:369,0
DA:370,0
DA:371,0
DA:373,0
DA:377,5
DA:378,0
DA:379,0
DA:380,0
DA:381,0
DA:383,0
DA:387,5
DA:388,0
DA:389,0
DA:390,0
DA:392,0
DA:396,5
DA:397,0
DA:398,0
DA:399,0
DA:401,0
DA:405,5
DA:406,0
DA:407,0
DA:408,0
DA:410,0
DA:414,5
DA:415,0
DA:416,0
DA:417,0
DA:418,0
DA:420,0
DA:424,5
DA:425,0
DA:426,0
DA:427,0
DA:429,0
DA:433,5
DA:434,0
DA:435,0
DA:436,0
DA:438,0
LF:171
LH:27
BRDA:15,0,0,0
BRDA:16,1,0,0
BRDA:21,2,0,0
BRDA:21,2,1,0
BRDA:25,3,0,0
BRDA:25,3,1,0
BRDA:29,4,0,0
BRDA:29,4,1,0
BRDA:33,5,0,0
BRDA:33,5,1,0
BRDA:87,6,0,0
BRDA:87,6,1,0
BRDA:104,7,0,0
BRDA:104,7,1,0
BRDA:121,8,0,0
BRDA:121,8,1,0
BRDA:127,9,0,0
BRDA:127,9,1,0
BRDA:133,10,0,0
BRDA:133,10,1,0
BRDA:147,11,0,0
BRDA:147,11,1,0
BRDA:165,12,0,0
BRDA:165,12,1,0
BRDA:200,13,0,0
BRDA:200,13,1,0
BRDA:200,14,0,0
BRDA:200,14,1,0
BRDA:233,15,0,0
BRDA:233,15,1,0
BRDA:233,16,0,0
BRDA:233,16,1,0
BRDA:333,17,0,0
BRDA:333,17,1,0
BRDA:338,18,0,0
BRDA:338,18,1,0
BRDA:338,19,0,0
BRDA:338,19,1,0
BRDA:346,20,0,0
BRDA:346,20,1,0
BRDA:353,21,0,0
BRDA:353,21,1,0
BRDA:353,22,0,0
BRDA:353,22,1,0
BRDA:379,23,0,0
BRDA:416,24,0,0
BRF:46
BRH:0
end_of_record
TN:
SF:src/controllers/userController.js
FN:9,(anonymous_0)
FN:16,(anonymous_1)
FN:63,(anonymous_2)
FN:94,(anonymous_3)
FN:105,(anonymous_4)
FN:109,(anonymous_5)
FN:120,(anonymous_6)
FN:129,(anonymous_7)
FN:140,(anonymous_8)
FNF:9
FNH:2
FNDA:0,(anonymous_0)
FNDA:7,(anonymous_1)
FNDA:4,(anonymous_2)
FNDA:0,(anonymous_3)
FNDA:0,(anonymous_4)
FNDA:0,(anonymous_5)
FNDA:0,(anonymous_6)
FNDA:0,(anonymous_7)
FNDA:0,(anonymous_8)
DA:1,5
DA:2,5
DA:3,5
DA:4,5
DA:5,5
DA:7,5
DA:9,5
DA:10,0
DA:13,0
DA:16,5
DA:17,7
DA:18,7
DA:19,7
DA:20,4
DA:23,3
DA:25,3
DA:31,3
DA:32,0
DA:35,3
DA:46,0
DA:48,0
DA:59,3
DA:63,5
DA:64,4
DA:65,4
DA:66,4
DA:68,4
DA:69,4
DA:72,0
DA:73,0
DA:74,0
DA:77,0
DA:79,0
DA:90,0
DA:94,5
DA:95,0
DA:96,0
DA:99,0
DA:101,0
DA:105,5
DA:106,0
DA:107,0
DA:108,0
DA:109,0
DA:111,0
DA:112,0
DA:115,0
DA:116,0
DA:117,0
DA:120,0
DA:121,0
DA:123,0
DA:125,0
DA:129,5
DA:130,0
DA:131,0
DA:134,0
DA:136,0
DA:140,5
DA:141,0
DA:142,0
DA:146,0
DA:147,0
DA:150,0
DA:152,0
LF:65
LH:27
BRDA:19,0,0,4
BRDA:19,0,1,3
BRDA:31,1,0,0
BRDA:31,1,1,3
BRDA:68,2,0,4
BRDA:68,2,1,0
BRDA:73,3,0,0
BRDA:73,3,1,0
BRDA:111,4,0,0
BRDA:111,4,1,0
BRDA:116,5,0,0
BRDA:116,5,1,0
BRDA:146,6,0,0
BRDA:146,6,1,0
BRF:14
BRH:4
end_of_record
TN:
SF:src/middleware/auth.js
FN:4,(anonymous_0)
FN:37,(anonymous_1)
FNF:2
FNH:0
FNDA:0,(anonymous_0)
FNDA:0,(anonymous_1)
DA:1,5
DA:2,5
DA:4,5
DA:5,0
DA:6,0
DA:8,0
DA:9,0
DA:12,0
DA:13,0
DA:15,0
DA:16,0
DA:19,0
DA:20,0
DA:23,0
DA:24,0
DA:25,0
DA:27,0
DA:28,0
DA:30,0
DA:31,0
DA:33,0
DA:37,5
DA:38,0
DA:39,0
DA:41,0
DA:42,0
DA:45,0
DA:46,0
DA:48,0
DA:49,0
DA:52,0
DA:53,0
DA:56,0
DA:57,0
DA:60,0
DA:61,0
DA:62,0
DA:64,0
DA:65,0
DA:67,0
DA:68,0
DA:70,0
DA:74,5
LF:43
LH:5
BRDA:8,0,0,0
BRDA:8,0,1,0
BRDA:15,1,0,0
BRDA:15,1,1,0
BRDA:19,2,0,0
BRDA:19,2,1,0
BRDA:27,3,0,0
BRDA:27,3,1,0
BRDA:30,4,0,0
BRDA:30,4,1,0
BRDA:41,5,0,0
BRDA:41,5,1,0
BRDA:48,6,0,0
BRDA:48,6,1,0
BRDA:52,7,0,0
BRDA:52,7,1,0
BRDA:56,8,0,0
BRDA:56,8,1,0
BRDA:64,9,0,0
BRDA:64,9,1,0
BRDA:67,10,0,0
BRDA:67,10,1,0
BRF:22
BRH:0
end_of_record
TN:
SF:src/middleware/authMiddleware.js
FN:5,(anonymous_0)
FNF:1
FNH:0
FNDA:0,(anonymous_0)
DA:1,5
DA:2,5
DA:3,5
DA:5,5
DA:6,0
DA:8,0
DA:10,0
DA:11,0
DA:15,0
DA:18,0
DA:19,0
DA:20,0
DA:24,0
DA:25,0
DA:27,0
DA:31,5
LF:16
LH:5
BRDA:10,0,0,0
BRDA:10,0,1,0
BRDA:19,1,0,0
BRDA:19,1,1,0
BRF:4
BRH:0
end_of_record
TN:
SF:src/middleware/validateProduct.js
FN:47,(anonymous_0)
FN:55,(anonymous_1)
FN:63,(anonymous_2)
FN:71,(anonymous_3)
FN:79,(anonymous_4)
FNF:5
FNH:0
FNDA:0,(anonymous_0)
FNDA:0,(anonymous_1)
FNDA:0,(anonymous_2)
FNDA:0,(anonymous_3)
FNDA:0,(anonymous_4)
DA:1,5
DA:3,5
DA:27,5
DA:32,5
DA:34,5
DA:42,5
DA:47,5
DA:48,0
DA:49,0
DA:50,0
DA:52,0
DA:55,5
DA:56,0
DA:57,0
DA:58,0
DA:60,0
DA:63,5
DA:64,0
DA:65,0
DA:66,0
DA:68,0
DA:71,5
DA:72,0
DA:73,0
DA:74,0
DA:76,0
DA:79,5
DA:80,0
DA:81,0
DA:82,0
DA:84,0
DA:87,5
LF:32
LH:12
BRDA:49,0,0,0
BRDA:49,0,1,0
BRDA:57,1,0,0
BRDA:57,1,1,0
BRDA:65,2,0,0
BRDA:65,2,1,0
BRDA:73,3,0,0
BRDA:73,3,1,0
BRDA:81,4,0,0
BRDA:81,4,1,0
BRF:10
BRH:0
end_of_record
TN:
SF:src/middleware/validationMiddleware.js
FNF:0
FNH:0
DA:1,5
DA:4,5
DA:18,5
DA:22,5
LF:4
LH:4
BRF:0
BRH:0
end_of_record
TN:
SF:src/middlewares/auth.js
FN:5,(anonymous_0)
FNF:1
FNH:1
FNDA:2,(anonymous_0)
DA:1,5
DA:2,5
DA:3,5
DA:5,5
DA:6,2
DA:7,2
DA:9,2
DA:10,1
DA:13,1
DA:14,0
DA:16,0
DA:17,0
DA:20,0
DA:21,0
DA:22,0
DA:24,2
DA:28,5
LF:17
LH:11
BRDA:9,0,0,1
BRDA:9,0,1,1
BRDA:16,1,0,0
BRDA:16,1,1,0
BRF:4
BRH:2
end_of_record
TN:
SF:src/models/Category.js
FN:4,(anonymous_0)
FN:6,(anonymous_1)
FNF:2
FNH:2
FNDA:5,(anonymous_0)
FNDA:5,(anonymous_1)
DA:2,5
DA:4,5
DA:7,5
DA:14,5
DA:45,5
LF:5
LH:5
BRF:0
BRH:0
end_of_record
TN:
SF:src/models/Customer.js
FN:4,(anonymous_0)
FN:6,(anonymous_1)
FNF:2
FNH:2
FNDA:5,(anonymous_0)
FNDA:5,(anonymous_1)
DA:2,5
DA:4,5
DA:7,5
DA:11,5
DA:15,5
DA:22,5
DA:163,5
LF:7
LH:7
BRF:0
BRH:0
end_of_record
TN:
SF:src/models/InventoryTransaction.js
FN:4,(anonymous_0)
FN:6,(anonymous_1)
FNF:2
FNH:2
FNDA:5,(anonymous_0)
FNDA:5,(anonymous_1)
DA:2,5
DA:4,5
DA:7,5
DA:11,5
DA:18,5
DA:99,5
LF:6
LH:6
BRF:0
BRH:0
end_of_record
TN:
SF:src/models/Invoice.js
FN:4,(anonymous_0)
FN:6,(anonymous_1)
FN:187,(anonymous_2)
FN:202,(anonymous_3)
FNF:4
FNH:2
FNDA:5,(anonymous_0)
FNDA:5,(anonymous_1)
FNDA:0,(anonymous_2)
FNDA:0,(anonymous_3)
DA:2,5
DA:4,5
DA:7,5
DA:11,5
DA:15,5
DA:19,5
DA:23,5
DA:30,5
DA:189,0
DA:190,0
DA:191,0
DA:199,0
DA:204,0
DA:205,0
DA:208,0
DA:209,0
DA:210,0
DA:211,0
DA:218,5
LF:19
LH:9
BRDA:189,0,0,0
BRDA:189,0,1,0
BRDA:204,1,0,0
BRDA:204,1,1,0
BRDA:208,2,0,0
BRDA:208,2,1,0
BRDA:210,3,0,0
BRDA:210,3,1,0
BRF:8
BRH:0
end_of_record
TN:
SF:src/models/InvoiceHistory.js
FN:4,(anonymous_0)
FN:6,(anonymous_1)
FNF:2
FNH:2
FNDA:5,(anonymous_0)
FNDA:5,(anonymous_1)
DA:2,5
DA:4,5
DA:7,5
DA:11,5
DA:18,5
DA:82,5
LF:6
LH:6
BRF:0
BRH:0
end_of_record
TN:
SF:src/models/InvoiceItem.js
FN:4,(anonymous_0)
FN:6,(anonymous_1)
FN:130,(anonymous_2)
FNF:3
FNH:2
FNDA:5,(anonymous_0)
FNDA:5,(anonymous_1)
FNDA:0,(anonymous_2)
DA:2,5
DA:4,5
DA:7,5
DA:11,5
DA:18,5
DA:132,0
DA:135,0
DA:136,0
DA:137,0
DA:139,0
DA:144,0
DA:147,0
DA:152,5
LF:13
LH:6
BRDA:135,0,0,0
BRDA:135,0,1,0
BRDA:135,1,0,0
BRDA:135,1,1,0
BRDA:136,2,0,0
BRDA:136,2,1,0
BRF:6
BRH:0
end_of_record
TN:
SF:src/models/Notification.js
FN:3,(anonymous_0)
FN:5,(anonymous_1)
FNF:2
FNH:2
FNDA:5,(anonymous_0)
FNDA:5,(anonymous_1)
DA:1,5
DA:3,5
DA:6,5
DA:11,5
DA:16,5
DA:21,5
DA:26,5
DA:33,5
DA:152,5
LF:9
LH:9
BRF:0
BRH:0
end_of_record
TN:
SF:src/models/NotificationTemplate.js
FN:3,(anonymous_0)
FN:5,(anonymous_1)
FNF:2
FNH:2
FNDA:5,(anonymous_0)
FNDA:5,(anonymous_1)
DA:1,5
DA:3,5
DA:6,5
DA:13,5
DA:112,5
LF:5
LH:5
BRF:0
BRH:0
end_of_record
TN:
SF:src/models/Order.js
FN:4,(anonymous_0)
FN:6,(anonymous_1)
FNF:2
FNH:2
FNDA:5,(anonymous_0)
FNDA:5,(anonymous_1)
DA:2,5
DA:4,5
DA:7,5
DA:11,5
DA:15,5
DA:19,5
DA:23,5
DA:30,5
DA:107,5
LF:9
LH:9
BRF:0
BRH:0
end_of_record
TN:
SF:src/models/OrderItem.js
FN:4,(anonymous_0)
FN:6,(anonymous_1)
FNF:2
FNH:2
FNDA:5,(anonymous_0)
FNDA:5,(anonymous_1)
DA:2,5
DA:4,5
DA:7,5
DA:11,5
DA:18,5
DA:75,5
LF:6
LH:6
BRF:0
BRH:0
end_of_record
TN:
SF:src/models/Payment.js
FN:4,(anonymous_0)
FN:6,(anonymous_1)
FN:163,(anonymous_2)
FNF:3
FNH:2
FNDA:5,(anonymous_0)
FNDA:5,(anonymous_1)
FNDA:0,(anonymous_2)
DA:2,5
DA:4,5
DA:7,5
DA:11,5
DA:15,5
DA:22,5
DA:165,0
DA:166,0
DA:173,0
DA:174,0
DA:175,0
DA:176,0
DA:182,5
LF:13
LH:7
BRDA:173,0,0,0
BRDA:173,0,1,0
BRDA:175,1,0,0
BRDA:175,1,1,0
BRF:4
BRH:0
end_of_record
TN:
SF:src/models/PaymentStatus.js
FN:3,(anonymous_0)
FN:5,(anonymous_1)
FN:84,(anonymous_2)
FNF:3
FNH:2
FNDA:5,(anonymous_0)
FNDA:5,(anonymous_1)
FNDA:0,(anonymous_2)
DA:1,5
DA:3,5
DA:7,5
DA:12,5
DA:19,5
DA:86,0
DA:87,0
DA:88,0
DA:96,5
LF:9
LH:6
BRDA:87,0,0,0
BRDA:87,0,1,0
BRF:2
BRH:0
end_of_record
TN:
SF:src/models/Product.js
FN:4,(anonymous_0)
FN:6,(anonymous_1)
FNF:2
FNH:2
FNDA:5,(anonymous_0)
FNDA:5,(anonymous_1)
DA:2,5
DA:4,5
DA:7,5
DA:11,5
DA:15,5
DA:19,5
DA:23,5
DA:27,5
DA:33,5
DA:37,5
DA:41,5
DA:45,5
DA:52,5
DA:262,5
LF:14
LH:14
BRF:0
BRH:0
end_of_record
TN:
SF:src/models/ProductHistory.js
FN:4,(anonymous_0)
FN:6,(anonymous_1)
FNF:2
FNH:2
FNDA:5,(anonymous_0)
FNDA:5,(anonymous_1)
DA:2,5
DA:4,5
DA:7,5
DA:11,5
DA:18,5
DA:80,5
LF:6
LH:6
BRF:0
BRH:0
end_of_record
TN:
SF:src/models/ProductReview.js
FN:4,(anonymous_0)
FN:6,(anonymous_1)
FNF:2
FNH:2
FNDA:5,(anonymous_0)
FNDA:5,(anonymous_1)
DA:2,5
DA:4,5
DA:7,5
DA:11,5
DA:18,5
DA:109,5
LF:6
LH:6
BRF:0
BRH:0
end_of_record
TN:
SF:src/models/ProductTag.js
FN:4,(anonymous_0)
FN:6,(anonymous_1)
FNF:2
FNH:2
FNDA:5,(anonymous_0)
FNDA:5,(anonymous_1)
DA:2,5
DA:4,5
DA:8,5
DA:12,5
DA:19,5
DA:103,5
LF:6
LH:6
BRF:0
BRH:0
end_of_record
TN:
SF:src/models/ProductVariant.js
FN:4,(anonymous_0)
FN:6,(anonymous_1)
FNF:2
FNH:2
FNDA:5,(anonymous_0)
FNDA:5,(anonymous_1)
DA:2,5
DA:4,5
DA:7,5
DA:11,5
DA:18,5
DA:119,5
LF:6
LH:6
BRF:0
BRH:0
end_of_record
TN:
SF:src/models/Promotion.js
FN:4,(anonymous_0)
FN:6,(anonymous_1)
FNF:2
FNH:2
FNDA:5,(anonymous_0)
FNDA:5,(anonymous_1)
DA:2,5
DA:4,5
DA:7,5
DA:11,5
DA:15,5
DA:21,5
DA:28,5
DA:101,5
LF:8
LH:8
BRF:0
BRH:0
end_of_record
TN:
SF:src/models/PromotionHistory.js
FN:3,(anonymous_0)
FN:5,(anonymous_1)
FNF:2
FNH:2
FNDA:5,(anonymous_0)
FNDA:5,(anonymous_1)
DA:1,5
DA:3,5
DA:7,5
DA:12,5
DA:19,5
DA:57,5
LF:6
LH:6
BRF:0
BRH:0
end_of_record
TN:
SF:src/models/PromotionProduct.js
FN:4,(anonymous_0)
FN:6,(anonymous_1)
FNF:2
FNH:2
FNDA:5,(anonymous_0)
FNDA:5,(anonymous_1)
DA:2,5
DA:4,5
DA:7,5
DA:11,5
DA:18,5
DA:72,5
LF:6
LH:6
BRF:0
BRH:0
end_of_record
TN:
SF:src/models/PromotionSchedule.js
FN:1,(anonymous_0)
FN:47,(anonymous_1)
FNF:2
FNH:2
FNDA:5,(anonymous_0)
FNDA:5,(anonymous_1)
DA:1,5
DA:2,5
DA:47,5
DA:48,5
DA:53,5
DA:59,5
LF:6
LH:6
BRF:0
BRH:0
end_of_record
TN:
SF:src/models/PromotionTemplate.js
FN:3,(anonymous_0)
FN:5,(anonymous_1)
FNF:2
FNH:2
FNDA:5,(anonymous_0)
FNDA:5,(anonymous_1)
DA:1,5
DA:3,5
DA:6,5
DA:10,5
DA:17,5
DA:69,5
LF:6
LH:6
BRF:0
BRH:0
end_of_record
TN:
SF:src/models/Tag.js
FN:4,(anonymous_0)
FN:6,(anonymous_1)
FNF:2
FNH:2
FNDA:5,(anonymous_0)
FNDA:5,(anonymous_1)
DA:2,5
DA:4,5
DA:8,5
DA:17,5
DA:77,5
LF:5
LH:5
BRF:0
BRH:0
end_of_record
TN:
SF:src/models/User.js
FN:6,(anonymous_0)
FN:8,(anonymous_1)
FN:23,(anonymous_2)
FN:27,(anonymous_3)
FN:129,(anonymous_4)
FN:134,(anonymous_5)
FNF:6
FNH:2
FNDA:5,(anonymous_0)
FNDA:5,(anonymous_1)
FNDA:0,(anonymous_2)
FNDA:0,(anonymous_3)
FNDA:0,(anonymous_4)
FNDA:0,(anonymous_5)
DA:2,5
DA:4,5
DA:6,5
DA:9,5
DA:13,5
DA:17,5
DA:24,0
DA:28,0
DA:32,5
DA:130,0
DA:131,0
DA:135,0
DA:136,0
DA:142,5
LF:14
LH:8
BRDA:130,0,0,0
BRDA:130,0,1,0
BRDA:135,1,0,0
BRDA:135,1,1,0
BRF:4
BRH:0
end_of_record
TN:
SF:src/models/WhatsappMessage.js
FN:3,(anonymous_0)
FN:5,(anonymous_1)
FN:189,(anonymous_2)
FNF:3
FNH:2
FNDA:5,(anonymous_0)
FNDA:5,(anonymous_1)
FNDA:0,(anonymous_2)
DA:1,5
DA:3,5
DA:6,5
DA:11,5
DA:16,5
DA:21,5
DA:26,5
DA:33,5
DA:191,0
DA:192,0
DA:193,0
DA:194,0
DA:195,0
DA:197,0
DA:208,5
LF:15
LH:9
BRDA:191,0,0,0
BRDA:191,0,1,0
BRDA:191,1,0,0
BRDA:191,1,1,0
BRDA:191,1,2,0
BRDA:193,2,0,0
BRDA:193,2,1,0
BRDA:193,3,0,0
BRDA:193,3,1,0
BRDA:195,4,0,0
BRDA:195,4,1,0
BRF:11
BRH:0
end_of_record
TN:
SF:src/models/WhatsappTemplate.js
FN:3,(anonymous_0)
FN:5,(anonymous_1)
FNF:2
FNH:2
FNDA:5,(anonymous_0)
FNDA:5,(anonymous_1)
DA:1,5
DA:3,5
DA:6,5
DA:11,5
DA:16,5
DA:23,5
DA:167,5
LF:7
LH:7
BRF:0
BRH:0
end_of_record
TN:
SF:src/models/index.js
FN:79,(anonymous_0)
FN:91,(anonymous_1)
FN:104,(anonymous_2)
FNF:3
FNH:2
FNDA:130,(anonymous_0)
FNDA:130,(anonymous_1)
FNDA:0,(anonymous_2)
DA:3,5
DA:4,5
DA:5,5
DA:6,5
DA:7,5
DA:8,5
DA:9,5
DA:10,5
DA:14,5
DA:15,0
DA:17,5
DA:37,5
DA:79,5
DA:80,130
DA:81,130
DA:82,130
DA:83,130
DA:85,0
DA:86,0
DA:91,5
DA:92,130
DA:93,130
DA:94,130
DA:95,130
DA:98,0
DA:99,0
DA:104,5
DA:105,0
DA:106,0
DA:107,0
DA:120,0
DA:121,0
DA:123,0
DA:124,0
DA:128,5
DA:129,5
DA:130,5
DA:132,5
LF:38
LH:26
BRDA:8,0,0,5
BRDA:8,0,1,0
BRDA:14,1,0,0
BRDA:14,1,1,5
BRDA:93,2,0,130
BRDA:93,2,1,0
BRDA:104,3,0,0
BRF:7
BRH:3
end_of_record
TN:
SF:src/routes/invoiceRoutes.js
FNF:0
FNH:0
DA:2,5
DA:3,5
DA:4,5
DA:5,5
DA:6,5
DA:68,5
DA:132,5
DA:154,5
DA:195,5
DA:227,5
DA:249,5
DA:283,5
DA:324,5
DA:338,5
DA:360,5
DA:362,5
LF:16
LH:16
BRF:0
BRH:0
end_of_record
TN:
SF:src/routes/productRoutes.js
FNF:0
FNH:0
DA:1,5
DA:2,5
DA:3,5
DA:4,5
DA:21,5
DA:161,5
DA:185,5
DA:210,5
DA:241,5
DA:262,5
DA:291,5
DA:311,5
DA:353,5
DA:381,5
DA:422,5
DA:462,5
DA:491,5
DA:518,5
DA:550,5
DA:571,5
DA:573,5
LF:21
LH:21
BRF:0
BRH:0
end_of_record
TN:
SF:src/routes/promotionRoutes.js
FN:9,(anonymous_0)
FNF:1
FNH:0
FNDA:0,(anonymous_0)
DA:1,5
DA:2,5
DA:3,5
DA:4,5
DA:5,5
DA:6,5
DA:9,5
DA:10,0
DA:11,0
DA:12,0
DA:14,0
DA:102,5
DA:124,5
DA:167,5
DA:211,5
DA:233,5
DA:255,5
DA:277,5
DA:305,5
DA:327,5
DA:349,5
DA:371,5
DA:397,5
DA:419,5
DA:441,5
DA:443,5
LF:26
LH:22
BRDA:11,0,0,0
BRDA:11,0,1,0
BRF:2
BRH:0
end_of_record
TN:
SF:src/routes/userRoutes.js
FNF:0
FNH:0
DA:1,5
DA:2,5
DA:3,5
DA:4,5
DA:5,5
DA:42,5
DA:51,5
DA:57,5
DA:58,5
DA:59,5
DA:60,5
DA:78,5
DA:103,5
DA:127,5
DA:160,5
DA:183,5
LF:16
LH:16
BRF:0
BRH:0
end_of_record
TN:
SF:src/routes/whatsappRoutes.js
FN:10,(anonymous_0)
FN:31,(anonymous_1)
FN:69,(anonymous_2)
FNF:3
FNH:0
FNDA:0,(anonymous_0)
FNDA:0,(anonymous_1)
FNDA:0,(anonymous_2)
DA:3,5
DA:4,5
DA:5,5
DA:6,5
DA:7,5
DA:10,5
DA:12,0
DA:15,0
DA:16,0
DA:19,0
DA:23,5
DA:26,5
DA:32,0
DA:33,0
DA:34,0
DA:35,0
DA:42,0
DA:43,0
DA:45,0
DA:51,0
DA:52,0
DA:53,0
DA:63,5
DA:70,0
DA:71,0
DA:72,0
DA:73,0
DA:80,0
DA:81,0
DA:83,0
DA:89,0
DA:90,0
DA:91,0
DA:100,5
LF:34
LH:10
BRDA:15,0,0,0
BRDA:15,0,1,0
BRDA:34,1,0,0
BRDA:34,1,1,0
BRDA:52,2,0,0
BRDA:52,2,1,0
BRDA:72,3,0,0
BRDA:72,3,1,0
BRDA:90,4,0,0
BRDA:90,4,1,0
BRF:10
BRH:0
end_of_record
TN:
SF:src/services/notificationService.js
FN:7,(anonymous_0)
FN:17,(anonymous_1)
FN:28,(anonymous_2)
FN:39,(anonymous_3)
FN:50,(anonymous_4)
FN:61,(anonymous_5)
FN:72,(anonymous_6)
FN:85,(anonymous_7)
FNF:8
FNH:1
FNDA:5,(anonymous_0)
FNDA:0,(anonymous_1)
FNDA:0,(anonymous_2)
FNDA:0,(anonymous_3)
FNDA:0,(anonymous_4)
FNDA:0,(anonymous_5)
FNDA:0,(anonymous_6)
FNDA:0,(anonymous_7)
DA:2,5
DA:3,5
DA:4,5
DA:8,5
DA:18,0
DA:19,0
DA:24,0
DA:25,0
DA:29,0
DA:30,0
DA:35,0
DA:36,0
DA:40,0
DA:41,0
DA:46,0
DA:47,0
DA:51,0
DA:52,0
DA:57,0
DA:58,0
DA:62,0
DA:63,0
DA:68,0
DA:69,0
DA:73,0
DA:74,0
DA:81,0
DA:86,0
DA:87,0
DA:89,0
DA:94,5
LF:31
LH:5
BRF:0
BRH:0
end_of_record
TN:
SF:src/services/promotionAnalyticsService.js
FN:6,(anonymous_0)
FN:34,(anonymous_1)
FN:52,(anonymous_2)
FN:53,(anonymous_3)
FN:54,(anonymous_4)
FN:55,(anonymous_5)
FN:56,(anonymous_6)
FN:62,(anonymous_7)
FN:71,(anonymous_8)
FN:99,(anonymous_9)
FN:114,(anonymous_10)
FN:117,(anonymous_11)
FN:118,(anonymous_12)
FN:119,(anonymous_13)
FN:125,(anonymous_14)
FN:133,(anonymous_15)
FN:135,(anonymous_16)
FN:143,(anonymous_17)
FN:167,(anonymous_18)
FN:186,(anonymous_19)
FN:195,(anonymous_20)
FN:196,(anonymous_21)
FN:197,(anonymous_22)
FN:213,(anonymous_23)
FN:220,(anonymous_24)
FN:222,(anonymous_25)
FN:236,(anonymous_26)
FN:243,(anonymous_27)
FN:252,(anonymous_28)
FN:264,(anonymous_29)
FN:273,(anonymous_30)
FN:283,(anonymous_31)
FN:287,(anonymous_32)
FN:303,(anonymous_33)
FN:313,(anonymous_34)
FN:316,(anonymous_35)
FN:321,(anonymous_36)
FN:337,(anonymous_37)
FN:340,(anonymous_38)
FN:342,(anonymous_39)
FN:346,(anonymous_40)
FN:361,(anonymous_41)
FN:364,(anonymous_42)
FNF:43
FNH:0
FNDA:0,(anonymous_0)
FNDA:0,(anonymous_1)
FNDA:0,(anonymous_2)
FNDA:0,(anonymous_3)
FNDA:0,(anonymous_4)
FNDA:0,(anonymous_5)
FNDA:0,(anonymous_6)
FNDA:0,(anonymous_7)
FNDA:0,(anonymous_8)
FNDA:0,(anonymous_9)
FNDA:0,(anonymous_10)
FNDA:0,(anonymous_11)
FNDA:0,(anonymous_12)
FNDA:0,(anonymous_13)
FNDA:0,(anonymous_14)
FNDA:0,(anonymous_15)
FNDA:0,(anonymous_16)
FNDA:0,(anonymous_17)
FNDA:0,(anonymous_18)
FNDA:0,(anonymous_19)
FNDA:0,(anonymous_20)
FNDA:0,(anonymous_21)
FNDA:0,(anonymous_22)
FNDA:0,(anonymous_23)
FNDA:0,(anonymous_24)
FNDA:0,(anonymous_25)
FNDA:0,(anonymous_26)
FNDA:0,(anonymous_27)
FNDA:0,(anonymous_28)
FNDA:0,(anonymous_29)
FNDA:0,(anonymous_30)
FNDA:0,(anonymous_31)
FNDA:0,(anonymous_32)
FNDA:0,(anonymous_33)
FNDA:0,(anonymous_34)
FNDA:0,(anonymous_35)
FNDA:0,(anonymous_36)
FNDA:0,(anonymous_37)
FNDA:0,(anonymous_38)
FNDA:0,(anonymous_39)
FNDA:0,(anonymous_40)
FNDA:0,(anonymous_41)
FNDA:0,(anonymous_42)
DA:1,5
DA:2,5
DA:3,5
DA:7,0
DA:17,0
DA:18,0
DA:22,0
DA:31,0
DA:35,0
DA:51,0
DA:52,0
DA:53,0
DA:54,0
DA:55,0
DA:56,0
DA:59,0
DA:63,0
DA:70,0
DA:71,0
DA:72,0
DA:75,0
DA:76,0
DA:77,0
DA:78,0
DA:79,0
DA:80,0
DA:83,0
DA:84,0
DA:91,0
DA:92,0
DA:93,0
DA:96,0
DA:100,0
DA:114,0
DA:117,0
DA:118,0
DA:119,0
DA:122,0
DA:126,0
DA:127,0
DA:132,0
DA:133,0
DA:135,0
DA:140,0
DA:146,0
DA:170,0
DA:187,0
DA:188,0
DA:193,0
DA:195,0
DA:196,0
DA:197,0
DA:210,0
DA:214,0
DA:215,0
DA:220,0
DA:221,0
DA:222,0
DA:224,0
DA:232,0
DA:237,0
DA:240,0
DA:244,0
DA:249,0
DA:253,0
DA:254,0
DA:255,0
DA:257,0
DA:265,0
DA:266,0
DA:270,0
DA:274,0
DA:283,0
DA:284,0
DA:288,0
DA:304,0
DA:313,0
DA:318,0
DA:322,0
DA:336,0
DA:337,0
DA:340,0
DA:342,0
DA:347,0
DA:361,0
DA:364,0
DA:370,5
LF:87
LH:4
BRDA:17,0,0,0
BRDA:17,0,1,0
BRDA:53,1,0,0
BRDA:53,1,1,0
BRDA:62,2,0,0
BRDA:75,3,0,0
BRDA:75,3,1,0
BRDA:77,4,0,0
BRDA:77,4,1,0
BRDA:79,5,0,0
BRDA:79,5,1,0
BRDA:83,6,0,0
BRDA:83,6,1,0
BRDA:167,7,0,0
BRDA:196,8,0,0
BRDA:196,8,1,0
BRDA:197,9,0,0
BRDA:197,9,1,0
BRDA:221,10,0,0
BRDA:221,10,1,0
BRDA:222,11,0,0
BRDA:222,11,1,0
BRDA:240,12,0,0
BRDA:240,12,1,0
BRDA:255,13,0,0
BRDA:255,13,1,0
BRDA:260,14,0,0
BRDA:260,14,1,0
BRDA:270,15,0,0
BRDA:270,15,1,0
BRDA:284,16,0,0
BRDA:284,16,1,0
BRF:32
BRH:0
end_of_record
TN:
SF:src/services/promotionNotificationService.js
FN:5,(anonymous_0)
FN:25,(anonymous_1)
FN:46,(anonymous_2)
FN:64,(anonymous_3)
FNF:4
FNH:0
FNDA:0,(anonymous_0)
FNDA:0,(anonymous_1)
FNDA:0,(anonymous_2)
FNDA:0,(anonymous_3)
DA:1,5
DA:2,5
DA:6,0
DA:7,0
DA:8,0
DA:9,0
DA:18,0
DA:19,0
DA:21,0
DA:26,0
DA:27,0
DA:28,0
DA:29,0
DA:30,0
DA:39,0
DA:40,0
DA:42,0
DA:47,0
DA:48,0
DA:49,0
DA:50,0
DA:57,0
DA:58,0
DA:60,0
DA:65,0
DA:66,0
DA:67,0
DA:68,0
DA:78,0
DA:80,0
DA:85,5
LF:31
LH:3
BRDA:13,0,0,0
BRDA:13,0,1,0
BRF:2
BRH:0
end_of_record
TN:
SF:src/services/whatsappService.js
FN:10,(anonymous_0)
FN:21,(anonymous_1)
FN:25,(anonymous_2)
FN:29,(anonymous_3)
FN:37,(anonymous_4)
FN:44,(anonymous_5)
FN:56,(anonymous_6)
FN:63,(anonymous_7)
FN:71,(anonymous_8)
FN:94,(anonymous_9)
FN:122,(anonymous_10)
FN:131,(anonymous_11)
FN:133,(anonymous_12)
FN:174,(anonymous_13)
FN:176,(anonymous_14)
FN:182,(anonymous_15)
FN:190,(anonymous_16)
FN:198,(anonymous_17)
FN:206,(anonymous_18)
FN:214,(anonymous_19)
FN:222,(anonymous_20)
FN:231,(anonymous_21)
FN:239,(anonymous_22)
FN:244,(anonymous_23)
FN:268,(anonymous_24)
FN:273,(anonymous_25)
FNF:26
FNH:5
FNDA:5,(anonymous_0)
FNDA:5,(anonymous_1)
FNDA:0,(anonymous_2)
FNDA:5,(anonymous_3)
FNDA:5,(anonymous_4)
FNDA:0,(anonymous_5)
FNDA:0,(anonymous_6)
FNDA:0,(anonymous_7)
FNDA:0,(anonymous_8)
FNDA:0,(anonymous_9)
FNDA:0,(anonymous_10)
FNDA:0,(anonymous_11)
FNDA:0,(anonymous_12)
FNDA:0,(anonymous_13)
FNDA:0,(anonymous_14)
FNDA:0,(anonymous_15)
FNDA:0,(anonymous_16)
FNDA:0,(anonymous_17)
FNDA:0,(anonymous_18)
FNDA:0,(anonymous_19)
FNDA:0,(anonymous_20)
FNDA:0,(anonymous_21)
FNDA:0,(anonymous_22)
FNDA:5,(anonymous_23)
FNDA:0,(anonymous_24)
FNDA:0,(anonymous_25)
DA:2,5
DA:3,5
DA:4,5
DA:5,5
DA:6,5
DA:7,5
DA:11,5
DA:12,5
DA:13,5
DA:14,5
DA:15,5
DA:16,5
DA:17,5
DA:18,5
DA:22,5
DA:23,5
DA:25,5
DA:26,0
DA:29,5
DA:30,5
DA:33,0
DA:38,5
DA:39,0
DA:40,0
DA:45,0
DA:46,0
DA:52,0
DA:54,0
DA:55,0
DA:56,0
DA:57,0
DA:59,0
DA:64,0
DA:65,0
DA:72,0
DA:73,0
DA:74,0
DA:75,0
DA:78,0
DA:79,0
DA:81,0
DA:82,0
DA:85,0
DA:86,0
DA:89,0
DA:95,0
DA:96,0
DA:98,0
DA:100,0
DA:110,0
DA:111,0
DA:113,0
DA:118,0
DA:123,0
DA:124,0
DA:126,0
DA:127,0
DA:128,0
DA:131,0
DA:133,0
DA:139,0
DA:161,0
DA:162,0
DA:164,0
DA:170,0
DA:175,0
DA:176,0
DA:177,0
DA:179,0
DA:183,0
DA:187,0
DA:191,0
DA:195,0
DA:199,0
DA:203,0
DA:207,0
DA:211,0
DA:215,0
DA:219,0
DA:223,0
DA:228,0
DA:232,0
DA:236,0
DA:240,0
DA:245,5
DA:246,5
DA:247,5
DA:248,5
DA:250,0
DA:257,5
DA:265,5
DA:268,5
DA:269,0
DA:270,0
DA:273,5
DA:274,0
DA:275,0
DA:278,5
LF:98
LH:29
BRDA:23,0,0,5
BRDA:23,0,1,0
BRDA:38,1,0,0
BRDA:38,1,1,5
BRDA:38,2,0,5
BRDA:38,2,1,5
BRDA:44,3,0,0
BRDA:54,4,0,0
BRDA:54,4,1,0
BRDA:54,5,0,0
BRDA:54,5,1,0
BRDA:65,6,0,0
BRDA:65,6,1,0
BRDA:65,6,2,0
BRDA:65,6,3,0
BRDA:73,7,0,0
BRDA:73,7,1,0
BRDA:73,8,0,0
BRDA:73,8,1,0
BRDA:81,9,0,0
BRDA:81,9,1,0
BRDA:85,10,0,0
BRDA:85,10,1,0
BRDA:114,11,0,0
BRDA:114,11,1,0
BRDA:122,12,0,0
BRDA:127,13,0,0
BRDA:127,13,1,0
BRDA:135,14,0,0
BRDA:135,14,1,0
BRDA:165,15,0,0
BRDA:165,15,1,0
BRDA:245,16,0,5
BRDA:245,16,1,0
BRF:34
BRH:5
end_of_record
TN:
SF:src/utils/logger.js
FNF:0
FNH:0
DA:3,5
DA:4,5
DA:6,5
DA:24,5
DA:25,5
DA:33,5
LF:6
LH:6
BRDA:7,0,0,5
BRDA:7,0,1,5
BRDA:24,1,0,5
BRDA:24,1,1,0
BRF:4
BRH:3
end_of_record
